#
# A fatal error has been detected by the Java Runtime Environment:
#
#  Internal Error (classFileParser.cpp:3494), pid=1728, tid=7028
#  Error: ShouldNotReachHere()
#
# JRE version: 6.0_45-b06
# Java VM: Java HotSpot(TM) 64-Bit Server VM (20.45-b01 mixed mode windows-amd64 compressed oops)
# If you would like to submit a bug report, please visit:
#   http://java.sun.com/webapps/bugreport/crash.jsp
#

---------------  T H R E A D  ---------------

Current thread (0x000000000050b000):  JavaThread "Unknown thread" [_thread_in_vm, id=7028, stack(0x00000000024f0000,0x00000000025f0000)]

Stack: [0x00000000024f0000,0x00000000025f0000]
[error occurred during error reporting (printing stack bounds), id 0xc0000005]


---------------  P R O C E S S  ---------------

Java Threads: ( => current thread )

Other Threads:

=>0x000000000050b000 (exited) JavaThread "Unknown thread" [_thread_in_vm, id=7028, stack(0x00000000024f0000,0x00000000025f0000)]

VM state:not at safepoint (not fully initialized)

VM Mutex/Monitor currently owned by a thread: None

Dynamic libraries:
0x0000000000400000 - 0x000000000042f000 	D:\Program Files\Java\jre6\bin\javaw.exe
0x0000000077ae0000 - 0x0000000077c88000 	C:\Windows\SYSTEM32\ntdll.dll
0x0000000077880000 - 0x000000007799f000 	C:\Windows\system32\kernel32.dll
0x000007fefd910000 - 0x000007fefd97c000 	C:\Windows\system32\KERNELBASE.dll
0x000007fefdd70000 - 0x000007fefde4b000 	C:\Windows\system32\ADVAPI32.dll
0x000007fefe810000 - 0x000007fefe8af000 	C:\Windows\system32\msvcrt.dll
0x000007fefdb50000 - 0x000007fefdb6f000 	C:\Windows\SYSTEM32\sechost.dll
0x000007fefdb70000 - 0x000007fefdc9d000 	C:\Windows\system32\RPCRT4.dll
0x0000000077780000 - 0x000000007787a000 	C:\Windows\system32\USER32.dll
0x000007fefefc0000 - 0x000007feff027000 	C:\Windows\system32\GDI32.dll
0x000007fefefb0000 - 0x000007fefefbe000 	C:\Windows\system32\LPK.dll
0x000007fefdca0000 - 0x000007fefdd69000 	C:\Windows\system32\USP10.dll
0x000007feffdc0000 - 0x000007feffdee000 	C:\Windows\system32\IMM32.DLL
0x000007fefdf40000 - 0x000007fefe049000 	C:\Windows\system32\MSCTF.dll
0x000000006d830000 - 0x000000006dfec000 	D:\Program Files\Java\jre6\bin\server\jvm.dll
0x000007fefda30000 - 0x000007fefda6b000 	C:\Windows\system32\WINMM.dll
0x000000006d7a0000 - 0x000000006d7ae000 	D:\Program Files\Java\jre6\bin\verify.dll
0x000000006d3c0000 - 0x000000006d3e7000 	D:\Program Files\Java\jre6\bin\java.dll
0x000000006d7f0000 - 0x000000006d802000 	D:\Program Files\Java\jre6\bin\zip.dll
0x0000000077ca0000 - 0x0000000077ca7000 	C:\Windows\system32\PSAPI.DLL

VM Arguments:
jvm_args: -Dfile.encoding=UTF-8 -Xbootclasspath:D:\Program Files (x86)\Android\ADT\adt-bundle-windows-x86_64-20140321\sdk\platforms\android-19\android.jar 
java_command: com.galaxywind.ycftp.utils.ClientTester
Launcher Type: SUN_STANDARD

Environment Variables:
JAVA_HOME=D:\Program Files\Java\jdk1.6.0_45
CLASSPATH=.;D:\Program Files\Java\jdk1.6.0_45\lib\dt.jar;D:\Program Files\Java\jdk1.6.0_45\lib\tools.jar;
PATH=C:\Windows\system32;C:\Windows;C:\Windows\System32\Wbem;C:\Windows\System32\WindowsPowerShell\v1.0\;C:\Program Files (x86)\Windows7Master;D:\Program Files\TortoiseSVN\bin;D:\Program Files\Java\jdk1.6.0_45\bin;.D:\AndroidSDK\tools;D:\AndroidSDK\platform-tools\
USERNAME=Administrator
OS=Windows_NT
PROCESSOR_IDENTIFIER=Intel64 Family 6 Model 60 Stepping 3, GenuineIntel



---------------  S Y S T E M  ---------------

OS: Windows 7 , 64 bit Build 7601 Service Pack 1

CPU:total 2 (2 cores per cpu, 1 threads per core) family 6 model 60 stepping 3, cmov, cx8, fxsr, mmx, sse, sse2, sse3, ssse3, sse4.1, sse4.2, popcnt

Memory: 4k page, physical 8280372k(3051424k free), swap 16558892k(10868720k free)

vm_info: Java HotSpot(TM) 64-Bit Server VM (20.45-b01) for windows-amd64 JRE (1.6.0_45-b06), built on Apr  1 2013 12:31:37 by "java_re" with MS VC++ 8.0 (VS2005)

time: Mon May 18 15:06:46 2015
elapsed time: 0 seconds

